Active library paths:
[1] "/ddn/gs1/home/messierkp/R/x86_64-pc-linux-gnu-library/4.4"
[2] "/usr/local/lib/R/library"                                 
Active PATH:
[1] "/usr/local/cuda/bin:/usr/local/nvidia/bin:/usr/local/cuda/bin:/usr/local/sbin:/usr/local/bin:/usr/sbin:/usr/bin:/sbin:/bin"
Active LD_LIBRARY_PATH:
[1] "/usr/local/lib/R/lib:/usr/local/lib:/usr/local/cuda/lib64:/usr/local/nvidia/lib:/usr/local/nvidia/lib64:/.singularity.d/libs"
── Attaching core tidyverse packages ──────────────────────── tidyverse 2.0.0 ──
✔ dplyr     1.1.4     ✔ readr     2.1.5
✔ forcats   1.0.0     ✔ stringr   1.5.1
✔ ggplot2   3.5.1     ✔ tibble    3.2.1
✔ lubridate 1.9.4     ✔ tidyr     1.3.1
✔ purrr     1.0.4     
── Conflicts ────────────────────────────────────────── tidyverse_conflicts() ──
✖ dplyr::filter() masks stats::filter()
✖ dplyr::lag()    masks stats::lag()
ℹ Use the conflicted package (<http://conflicted.r-lib.org/>) to force all conflicts to become errors
── Attaching packages ────────────────────────────────────── tidymodels 1.3.0 ──
✔ broom        1.0.7     ✔ rsample      1.2.1
✔ dials        1.4.0     ✔ tune         1.3.0
✔ infer        1.0.7     ✔ workflows    1.2.0
✔ modeldata    1.4.0     ✔ workflowsets 1.1.0
✔ parsnip      1.3.1     ✔ yardstick    1.3.2
✔ recipes      1.1.1     
── Conflicts ───────────────────────────────────────── tidymodels_conflicts() ──
✖ scales::discard() masks purrr::discard()
✖ dplyr::filter()   masks stats::filter()
✖ recipes::fixed()  masks stringr::fixed()
✖ dplyr::lag()      masks stats::lag()
✖ yardstick::spec() masks readr::spec()
✖ recipes::step()   masks stats::step()
qs2 0.1.5
The reset_globals argument in crew launchers was deprecated on 2025-05-30 (version 1.1.2.9004). Alternative: reset_globals argument of crew::crew_controller().
The reset_packages argument in crew launchers was deprecated on 2025-05-30 (version 1.1.2.9004). Alternative: reset_packages argument of crew::crew_controller().
The reset_options argument in crew launchers was deprecated on 2025-05-30 (version 1.1.2.9004). Alternative: reset_options argument of crew::crew_controller().
The garbage_collection argument in crew launchers was deprecated on 2025-05-30 (version 1.1.2.9004). Alternative: garbage_collection argument of crew::crew_controller().
terminate_worker() was deprecated on 2025-08-26 (version 1.2.1.9004). Alternative: none. crew plugins no longer need (or use) terminate_worker() because terminating the underlying network connection with controller$teriminate() is enough to shut down the workers. For 100% certainty that workers terminate correctly and do not keep running indefinitely, please set a finite seconds_idle value in the controller, and please watch worker processes using the appropriate monitor for your cmoputing platform (for example, crew_monitor_local() for workers created from crew_controller_local())..
This message is displayed once per session.
